[06/May/2026 12:27:09] "GET /register/ HTTP/1.1" 200 17755
[06/May/2026 12:27:09] "GET /login/ HTTP/1.1" 200 11708
[06/May/2026 12:27:09,941] - Broken pipe from ('127.0.0.1', 61825)
[06/May/2026 12:27:21] "GET /register/ HTTP/1.1" 200 17755
[06/May/2026 12:27:21] "GET /login/ HTTP/1.1" 200 11708
[06/May/2026 12:27:21,457] - Broken pipe from ('127.0.0.1', 59329)
[06/May/2026 12:27:36] "GET / HTTP/1.1" 302 0
[06/May/2026 12:27:37] "GET /dashboard/ HTTP/1.1" 200 57444
[06/May/2026 12:27:38] "GET /api/requests/stats/ HTTP/1.1" 200 86
[06/May/2026 12:27:38] "GET /api/requests/ HTTP/1.1" 200 7926
[06/May/2026 12:27:38] "GET /api/users/donors/ HTTP/1.1" 200 12638
[06/May/2026 12:27:38] "GET /api/live-feed/ HTTP/1.1" 200 388
[06/May/2026 12:27:52] "GET /map/ HTTP/1.1" 200 43005
[06/May/2026 12:27:52] "GET /map/ HTTP/1.1" 200 43005
[06/May/2026 12:27:53,223] - Broken pipe from ('127.0.0.1', 55812)
[06/May/2026 12:27:53] "GET /static/js/map.js?v=3.3 HTTP/1.1" 200 10835
[06/May/2026 12:28:07] "GET /requests/ HTTP/1.1" 200 45421
[06/May/2026 12:28:07] "GET /api/requests/ HTTP/1.1" 200 7926
[06/May/2026 12:28:08] "GET /donors/ HTTP/1.1" 200 52272
[06/May/2026 12:28:08] "GET /api/users/donors/?sortBy=distance HTTP/1.1" 200 12638
[06/May/2026 12:28:11] "GET /map/?lat=19.1176&lng=72.906&zoom=15 HTTP/1.1" 200 43005
[06/May/2026 12:28:11] "GET /map/?lat=19.1176&lng=72.906&zoom=15 HTTP/1.1" 200 43005
[06/May/2026 12:28:11] "GET /static/js/map.js?v=3.3 HTTP/1.1" 304 0
[06/May/2026 12:28:14] "GET /donors/ HTTP/1.1" 200 52272
[06/May/2026 12:28:14] "GET /api/users/donors/?sortBy=distance HTTP/1.1" 200 12638
[06/May/2026 12:28:14] "GET /requests/ HTTP/1.1" 200 45421
[06/May/2026 12:28:15] "GET /api/requests/ HTTP/1.1" 200 7926
[06/May/2026 12:28:15] "GET /map/ HTTP/1.1" 200 43005
[06/May/2026 12:28:16] "GET /donors/ HTTP/1.1" 200 52272
[06/May/2026 12:28:16] "GET /api/users/donors/?sortBy=distance HTTP/1.1" 200 12638
[06/May/2026 12:28:16] "GET /messages/ HTTP/1.1" 200 50160
[06/May/2026 12:28:16] "GET /api/messages/conversations/ HTTP/1.1" 200 272
[06/May/2026 12:28:18] "GET /profile/ HTTP/1.1" 200 51136
[06/May/2026 12:28:18] "GET /api/users/me/ HTTP/1.1" 200 342
[06/May/2026 12:28:18] "GET /api/requests/my/ HTTP/1.1" 200 1059
[06/May/2026 12:28:18] "GET /profile/ HTTP/1.1" 200 51136
[06/May/2026 12:28:18] "GET /api/users/me/ HTTP/1.1" 200 342
[06/May/2026 12:28:19] "GET /api/requests/my/ HTTP/1.1" 200 1059
[06/May/2026 12:28:30] "PUT /api/users/me/ HTTP/1.1" 200 369
[06/May/2026 12:28:30] "GET /api/users/me/ HTTP/1.1" 200 342
[06/May/2026 12:28:30] "GET /api/requests/my/ HTTP/1.1" 200 1059
[06/May/2026 12:28:34] "GET /requests/ HTTP/1.1" 200 45421
[06/May/2026 12:28:35] "GET /api/requests/ HTTP/1.1" 200 7926
[06/May/2026 12:28:38] "PATCH /api/requests/22/respond/ HTTP/1.1" 200 71
[06/May/2026 12:28:38] "GET /api/requests/ HTTP/1.1" 200 7929
[06/May/2026 12:28:40] "GET /profile/ HTTP/1.1" 200 51136
[06/May/2026 12:28:40] "GET /api/users/me/ HTTP/1.1" 200 342
[06/May/2026 12:28:41] "GET /api/requests/my/ HTTP/1.1" 200 1425
[06/May/2026 12:28:47] "GET /dashboard/ HTTP/1.1" 200 57444
[06/May/2026 12:28:48] "GET /api/requests/stats/ HTTP/1.1" 200 86
[06/May/2026 12:28:48] "GET /api/requests/ HTTP/1.1" 200 7929
[06/May/2026 12:28:48] "GET /api/users/donors/ HTTP/1.1" 200 12638
[06/May/2026 12:28:48] "GET /api/live-feed/ HTTP/1.1" 200 388
[06/May/2026 12:29:04] "GET /map/ HTTP/1.1" 200 43005
[06/May/2026 12:29:04] "GET /map/ HTTP/1.1" 200 43005
[06/May/2026 12:29:04] "GET /static/js/map.js?v=3.3 HTTP/1.1" 304 0
[06/May/2026 12:34:56] "GET /map/ HTTP/1.1" 200 43005
[06/May/2026 12:34:57] "GET /static/js/map.js?v=3.3 HTTP/1.1" 304 0
[06/May/2026 12:35:00] "GET /map/ HTTP/1.1" 200 43005
[06/May/2026 12:38:34] "GET / HTTP/1.1" 302 0
[06/May/2026 12:38:34] "GET /dashboard/ HTTP/1.1" 200 57444
[06/May/2026 12:38:36] "GET /api/requests/stats/ HTTP/1.1" 200 86
[06/May/2026 12:38:36] "GET /api/requests/ HTTP/1.1" 200 7929
[06/May/2026 12:38:36] "GET /api/users/donors/?lat=19.114775249999997&lng=72.87922875000001&bloodType=A_POSITIVE&radius=50 HTTP/1.1" 200 2469
[06/May/2026 12:38:36] "GET /api/live-feed/ HTTP/1.1" 200 388
[06/May/2026 12:38:40] "GET /donors/ HTTP/1.1" 200 52272
[06/May/2026 12:38:40] "GET /api/users/donors/?sortBy=distance HTTP/1.1" 200 12638
[06/May/2026 12:38:42] "GET /map/?lat=19.1176&lng=72.906&zoom=15 HTTP/1.1" 200 43005
[06/May/2026 12:38:43] "GET /static/js/map.js?v=3.3 HTTP/1.1" 200 18543
[06/May/2026 12:38:49] "GET /requests/ HTTP/1.1" 200 45421
[06/May/2026 12:38:49] "GET /requests/ HTTP/1.1" 200 45421
[06/May/2026 12:38:49] "GET /api/requests/ HTTP/1.1" 200 7929
[06/May/2026 12:38:51] "GET /api/requests/ HTTP/1.1" 200 7929
[06/May/2026 12:38:52] "GET /api/requests/my/ HTTP/1.1" 200 1425
[06/May/2026 12:40:38] "GET /map/?lat=19.1176&lng=72.906&zoom=15 HTTP/1.1" 200 43005
[06/May/2026 12:40:38] "GET /map/?lat=19.1176&lng=72.906&zoom=15 HTTP/1.1" 200 43005
[06/May/2026 12:40:39] "GET /map/?lat=19.1176&lng=72.906&zoom=15 HTTP/1.1" 200 43005
[06/May/2026 12:40:39] "GET /static/js/map.js?v=3.3 HTTP/1.1" 304 0
[06/May/2026 19:28:04] "GET /login/ HTTP/1.1" 302 0
[06/May/2026 19:28:04] "GET /dashboard/ HTTP/1.1" 200 57418
[06/May/2026 19:28:04] "GET /api/requests/stats/ HTTP/1.1" 200 86
[06/May/2026 19:28:04] "GET /api/requests/ HTTP/1.1" 200 5753
[06/May/2026 19:28:04] "GET /api/users/donors/ HTTP/1.1" 200 12851
[06/May/2026 19:28:04] "GET /api/live-feed/ HTTP/1.1" 200 388
[06/May/2026 19:28:08] "GET /logout/ HTTP/1.1" 302 0
[06/May/2026 19:28:08] "GET /login/ HTTP/1.1" 200 11708
Not Found: /api/login/
[06/May/2026 19:28:25] "POST /api/login/ HTTP/1.1" 404 133
[06/May/2026 19:28:30] "GET / HTTP/1.1" 200 19011
Not Found: /api/login/
[06/May/2026 19:28:30] "POST /api/login/ HTTP/1.1" 404 133
[06/May/2026 19:28:30] "GET /api/requests/stats/ HTTP/1.1" 200 86
[06/May/2026 19:28:35] "GET /login/ HTTP/1.1" 200 11708
